No toolchain found for target 'ar6'.
No toolchain found for target 'ar7'.
No toolchain found for target 'ar86'.
No toolchain found for target 'wp7'.
No toolchain found for target 'wp85'.
Building Legato for target localhost
Including eCall to target localhost
WARNING: Deprecated CMake function used (set_legato_component).
mkapp : audioService = /legato/build/localhost/bin/apps/audioService.localhost
mkapp : modemService = /legato/build/localhost/bin/apps/modemService.localhost
mkapp : positioningService = /legato/build/localhost/bin/apps/positioningService.localhost
mkapp : dataConnectionService = /legato/build/localhost/bin/apps/dataConnectionService.localhost
mkapp : cellNetService = /legato/build/localhost/bin/apps/cellNetService.localhost
mkapp : smsInboxService = /legato/build/localhost/bin/apps/smsInboxService.localhost
mkapp : voiceCallService = /legato/build/localhost/bin/apps/voiceCallService.localhost
mkapp : powerMgr = /legato/build/localhost/bin/apps/powerMgr.localhost
mkapp : secStore = /legato/build/localhost/bin/apps/secStore.localhost
mkapp : avcService = /legato/build/localhost/bin/apps/avcService.localhost
mkapp : fwupdateService = /legato/build/localhost/bin/apps/fwupdateService.localhost
mkapp : helloWorld = /legato/build/localhost/bin/samples/helloWorld.localhost
mkapp : printClient = /legato/build/localhost/bin/samples/printClient.localhost
mkapp : printServer = /legato/build/localhost/bin/samples/printServer.localhost
mkapp : modemDemo = /legato/build/localhost/bin/samples/modemDemo.localhost
mkapp : fileInfo = /legato/build/localhost/bin/samples/fileInfo.localhost
mkapp : sms = /legato/build/localhost/bin/samples/sms.localhost
mkapp : shellPipe = /legato/build/localhost/bin/samples/shellPipe.localhost
mkapp : lwm2mControl = /legato/build/localhost/bin/samples/lwm2mControl.localhost
mkapp : avappinfo = /legato/build/localhost/bin/apps/avappinfo.localhost
mkapp : avsysinfo = /legato/build/localhost/bin/apps/avsysinfo.localhost
WARNING: Deprecated CMake function used (set_legato_component).
WARNING: Deprecated CMake function used (add_legato_executable).  Consider changing to mkexe.
mkapp : cxxHello = /legato/build/localhost/bin/tests/cxxHello.localhost
mkapp : cfgSelfRead = /legato/build/localhost/bin/tests/cfgSelfRead.localhost
mkapp : cfgSelfWrite = /legato/build/localhost/bin/tests/cfgSelfWrite.localhost
mkapp : cfgSystemRead = /legato/build/localhost/bin/tests/cfgSystemRead.localhost
mkapp : cfgSystemWrite = /legato/build/localhost/bin/tests/cfgSystemWrite.localhost
WARNING: Deprecated CMake function used (set_legato_component).
WARNING: Deprecated CMake function used (add_legato_executable).  Consider changing to mkexe.
WARNING: Deprecated CMake function used (set_legato_component).
WARNING: Deprecated CMake function used (add_legato_executable).  Consider changing to mkexe.
WARNING: Deprecated CMake function used (set_legato_component).
WARNING: Deprecated CMake function used (add_legato_executable).  Consider changing to mkexe.
WARNING: Deprecated CMake function used (set_legato_component).
WARNING: Deprecated CMake function used (add_legato_executable).  Consider changing to mkexe.
mkapp : FaultApp = /legato/build/localhost/bin/tests/FaultApp.localhost
mkapp : RestartApp = /legato/build/localhost/bin/tests/RestartApp.localhost
mkapp : StopApp = /legato/build/localhost/bin/tests/StopApp.localhost
mkapp : ForkChildApp = /legato/build/localhost/bin/tests/ForkChildApp.localhost
mkapp : NonSandboxedFaultApp = /legato/build/localhost/bin/tests/NonSandboxedFaultApp.localhost
mkapp : NonSandboxedRestartApp = /legato/build/localhost/bin/tests/NonSandboxedRestartApp.localhost
mkapp : NonSandboxedStopApp = /legato/build/localhost/bin/tests/NonSandboxedStopApp.localhost
mkapp : NonSandboxedForkChildApp = /legato/build/localhost/bin/tests/NonSandboxedForkChildApp.localhost
WARNING: Deprecated CMake function used (set_legato_component).
WARNING: Deprecated CMake function used (add_legato_executable).  Consider changing to mkexe.
WARNING: Deprecated CMake function used (set_legato_component).
WARNING: Deprecated CMake function used (add_legato_executable).  Consider changing to mkexe.
WARNING: Deprecated CMake function used (add_legato_internal_executable).  Consider changing to mkexe.
WARNING: Deprecated CMake function used (add_legato_executable).  Consider changing to mkexe.
mkapp : updateFaultApp = /legato/build/localhost/bin/tests/updateFaultApp.localhost
mkapp : updateRestartApp = /legato/build/localhost/bin/tests/updateRestartApp.localhost
mkapp : updateStopApp = /legato/build/localhost/bin/tests/updateStopApp.localhost
mkapp : updateNonSandboxedFaultApp = /legato/build/localhost/bin/tests/updateNonSandboxedFaultApp.localhost
mkapp : updateNonSandboxedRestartApp = /legato/build/localhost/bin/tests/updateNonSandboxedRestartApp.localhost
mkapp : updateNonSandboxedStopApp = /legato/build/localhost/bin/tests/updateNonSandboxedStopApp.localhost
mkapp : dogTest = /legato/build/localhost/bin/tests/dogTest.localhost
mkapp : dogTestNever = /legato/build/localhost/bin/tests/dogTestNever.localhost
mkapp : dogTestNeverNow = /legato/build/localhost/bin/tests/dogTestNeverNow.localhost
mkapp : dogTestRevertAfterTimeout = /legato/build/localhost/bin/tests/dogTestRevertAfterTimeout.localhost
mkapp : dogTestWolfPack = /legato/build/localhost/bin/tests/dogTestWolfPack.localhost
mkapp : badAppSB = /legato/build/localhost/bin/tests/badAppSB.localhost
mkapp : badAppNSB = /legato/build/localhost/bin/tests/badAppNSB.localhost
mkapp : installStatusTest = /legato/build/localhost/bin/tests/installStatusTest.localhost
mkapp : testApp1 = /legato/build/localhost/bin/tests/testApp1.localhost
mkapp : testApp2 = /legato/build/localhost/bin/tests/testApp2.localhost
mkapp : SubpoolFlux = /legato/build/localhost/bin/tests/SubpoolFlux.localhost
mkapp : ThreadFlux = /legato/build/localhost/bin/tests/ThreadFlux.localhost
mkapp : TimerFlux = /legato/build/localhost/bin/tests/TimerFlux.localhost
mkapp : MutexFlux = /legato/build/localhost/bin/tests/MutexFlux.localhost
mkapp : SemaphoreFlux = /legato/build/localhost/bin/tests/SemaphoreFlux.localhost
mkapp : testAppInfo = /legato/build/localhost/bin/tests/testAppInfo.localhost
mkapp : secStoreTest1 = /legato/build/localhost/bin/tests/secStoreTest1.localhost
mkapp : secStoreTest2 = /legato/build/localhost/bin/tests/secStoreTest2.localhost
mkapp : smsTest = /legato/build/localhost/bin/tests/smsTest.localhost
mkapp : smsDeletion = /legato/build/localhost/bin/tests/smsDeletion.localhost
mkapp : smsCBTest = /legato/build/localhost/bin/tests/smsCBTest.localhost
close failed in file object destructor:
sys.excepthook is missing
lost sys.stderr
mkapp : mccTest = /legato/build/localhost/bin/tests/mccTest.localhost
close failed in file object destructor:
sys.excepthook is missing
lost sys.stderr
mkapp : mdcTest = /legato/build/localhost/bin/tests/mdcTest.localhost
mkapp : mrcTest = /legato/build/localhost/bin/tests/mrcTest.localhost
mkapp : simTest = /legato/build/localhost/bin/tests/simTest.localhost
close failed in file object destructor:
sys.excepthook is missing
lost sys.stderr
mkapp : simProfileSwap = /legato/build/localhost/bin/tests/simProfileSwap.localhost
mkapp : simToolkit = /legato/build/localhost/bin/tests/simToolkit.localhost
mkapp : infoTest = /legato/build/localhost/bin/tests/infoTest.localhost
mkapp : ipsTest = /legato/build/localhost/bin/tests/ipsTest.localhost
mkapp : tempTest = /legato/build/localhost/bin/tests/tempTest.localhost
mkapp : antennaTest = /legato/build/localhost/bin/tests/antennaTest.localhost
mkapp : riPinTest = /legato/build/localhost/bin/tests/riPinTest.localhost
close failed in file object destructor:
sys.excepthook is missing
lost sys.stderr
close failed in file object destructor:
sys.excepthook is missing
lost sys.stderr
close failed in file object destructor:
sys.excepthook is missing
lost sys.stderr
CUNIT_INCLUDE_DIRS: /legato/build/localhost/3rdParty/CUnit/include;/legato/build/localhost/3rdParty/CUnit/include/CUnit
CUNIT_INCLUDE_DIRS: /legato/build/localhost/3rdParty/CUnit/include;/legato/build/localhost/3rdParty/CUnit/include/CUnit
CUNIT_INCLUDE_DIRS: /legato/build/localhost/3rdParty/CUnit/include;/legato/build/localhost/3rdParty/CUnit/include/CUnit
CUNIT_INCLUDE_DIRS: /legato/build/localhost/3rdParty/CUnit/include;/legato/build/localhost/3rdParty/CUnit/include/CUnit
CUNIT_INCLUDE_DIRS: /legato/build/localhost/3rdParty/CUnit/include;/legato/build/localhost/3rdParty/CUnit/include/CUnit
CUNIT_INCLUDE_DIRS: /legato/build/localhost/3rdParty/CUnit/include;/legato/build/localhost/3rdParty/CUnit/include/CUnit
CUNIT_INCLUDE_DIRS: /legato/build/localhost/3rdParty/CUnit/include;/legato/build/localhost/3rdParty/CUnit/include/CUnit
CUNIT_INCLUDE_DIRS: /legato/build/localhost/3rdParty/CUnit/include;/legato/build/localhost/3rdParty/CUnit/include/CUnit
CUNIT_INCLUDE_DIRS: /legato/build/localhost/3rdParty/CUnit/include;/legato/build/localhost/3rdParty/CUnit/include/CUnit
mkapp : gnssTest = /legato/build/localhost/bin/tests/gnssTest.localhost
mkapp : positioningTest = /legato/build/localhost/bin/tests/positioningTest.localhost
mkapp : audioMccTest = /legato/build/localhost/bin/tests/audioMccTest.localhost
mkapp : dtmfTest = /legato/build/localhost/bin/tests/dtmfTest.localhost
mkapp : audioCfgTest = /legato/build/localhost/bin/tests/audioCfgTest.localhost
mkapp : audioPlaybackRec = /legato/build/localhost/bin/tests/audioPlaybackRec.localhost
mkapp : voicePromptMcc2 = /legato/build/localhost/bin/tests/voicePromptMcc2.localhost
mkapp : dcsTest = /legato/build/localhost/bin/tests/dcsTest.localhost
mkapp : cellNetServiceTest = /legato/build/localhost/bin/tests/cellNetServiceTest.localhost
mkapp : smsInboxTest = /legato/build/localhost/bin/tests/smsInboxTest.localhost
mkapp : avcUserApp = /legato/build/localhost/bin/tests/avcUserApp.localhost
mkapp : avcCtrlApp = /legato/build/localhost/bin/tests/avcCtrlApp.localhost
mkapp : avcDataApp = /legato/build/localhost/bin/tests/avcDataApp.localhost
WARNING: Deprecated CMake function used (set_legato_component).
WARNING: Deprecated CMake function used (add_legato_internal_executable).  Consider changing to mkexe.
WARNING: Deprecated CMake function used (add_legato_executable).  Consider changing to mkexe.
WARNING: Deprecated CMake function used (add_legato_internal_executable).  Consider changing to mkexe.
WARNING: Deprecated CMake function used (add_legato_executable).  Consider changing to mkexe.
WARNING: Deprecated CMake function used (add_legato_internal_executable).  Consider changing to mkexe.
WARNING: Deprecated CMake function used (add_legato_executable).  Consider changing to mkexe.
WARNING: Deprecated CMake function used (add_legato_internal_executable).  Consider changing to mkexe.
WARNING: Deprecated CMake function used (add_legato_executable).  Consider changing to mkexe.
WARNING: Deprecated CMake function used (add_legato_internal_executable).  Consider changing to mkexe.
WARNING: Deprecated CMake function used (add_legato_executable).  Consider changing to mkexe.
WARNING: Deprecated CMake function used (add_legato_internal_executable).  Consider changing to mkexe.
WARNING: Deprecated CMake function used (add_legato_executable).  Consider changing to mkexe.
Warning: Tag `XML_SCHEMA' at line 1400 of file `/legato/build/localhost/framework/doc/doxygen.user.cfg' has become obsolete.
         To avoid this warning please remove this line from your configuration file or upgrade it using "doxygen -u"
Warning: Tag `XML_DTD' at line 1406 of file `/legato/build/localhost/framework/doc/doxygen.user.cfg' has become obsolete.
         To avoid this warning please remove this line from your configuration file or upgrade it using "doxygen -u"
Warning: tag INPUT: input source `/legato/apps/sample/eCallDemo/doc' does not exist
warning: source /legato/apps/sample/eCallDemo/doc is not a readable file or directory... skipping.
/legato/framework/doc/howToAVConnect.dox:15: warning: multiple use of section label 'connectingAirVantage_createSys' while adding section, (first occurrence: /legato/framework/doc/connectingAirVantage.dox, line 15)
/legato/framework/doc/howToAVConnect.dox:30: warning: multiple use of section label 'connectingAirVantage_lwm2m' while adding section, (first occurrence: /legato/framework/doc/connectingAirVantage.dox, line 30)
/legato/framework/doc/howToAVConnect.dox:36: warning: multiple use of section label 'connectingAirVantage_checkDeviceStatus' while adding section, (first occurrence: /legato/framework/doc/connectingAirVantage.dox, line 36)
/legato/framework/doc/howToAVInstallApp.dox:6: warning: multiple use of section label 'appInstallAirVantage_buildapp' while adding section, (first occurrence: /legato/framework/doc/appInstallAirVantage.dox, line 6)
/legato/framework/doc/howToAVInstallApp.dox:29: warning: multiple use of section label 'appInstallAirVantage_usingAv' while adding section, (first occurrence: /legato/framework/doc/appInstallAirVantage.dox, line 29)
/legato/framework/doc/howToAVInstallApp.dox:51: warning: multiple use of section label 'appInstallAirVantage_rcvAppAgent' while adding section, (first occurrence: /legato/framework/doc/appInstallAirVantage.dox, line 51)
/legato/framework/doc/howToAVInstallApp.dox:63: warning: multiple use of section label 'appInstallAirVantage_goingFurther' while adding section, (first occurrence: /legato/framework/doc/appInstallAirVantage.dox, line 63)
/legato/framework/doc/interfaceDefLangSyntax.dox:180: warning: Invalid list item found
/legato/framework/doc/howToPortLegacyC.dox:119: warning: explicit link request to 'include' could not be resolved
/legato/framework/doc/howToPortLegacyC.dox:119: warning: explicit link request to 'include' could not be resolved
/legato/framework/doc/interfaceDefLangSyntax.dox:180: warning: Invalid list item found
/legato/build/localhost/interfaces/le_ecall_interface.h:311: warning: unable to resolve reference to `c_ecallAppMain' for \ref command
/legato/build/localhost/interfaces/le_gnss_interface.h:232: warning: End of list marker found without any preceding list items
/legato/framework/doc/platformConstraintsAudio.dox:7: warning: Found unknown command `\Output'
/legato/framework/doc/platformConstraintsAudio.dox:7: warning: Found unknown command `\Output'
/legato/framework/doc/toolsTarget_cellModem.dox:209: warning: Unsupported xml/html tag <number> found
/legato/framework/doc/toolsTarget_cellModem.dox:210: warning: Unsupported xml/html tag <content> found
/legato/framework/doc/toolsTarget_cellModem.dox:211: warning: Unsupported xml/html tag <file> found
/legato/framework/doc/toolsTarget_cellModem.dox:212: warning: Unsupported xml/html tag <optional> found
/legato/framework/doc/toolsTarget_sdir.dox:22: warning: unable to resolve reference to `bindingConfig' for \ref command
/legato/framework/doc/toolsTarget_cellModem.dox:209: warning: Unsupported xml/html tag <number> found
/legato/framework/doc/toolsTarget_cellModem.dox:210: warning: Unsupported xml/html tag <content> found
/legato/framework/doc/toolsTarget_cellModem.dox:211: warning: Unsupported xml/html tag <file> found
/legato/framework/doc/toolsTarget_cellModem.dox:212: warning: Unsupported xml/html tag <optional> found
/legato/framework/doc/toolsTarget_sdir.dox:22: warning: unable to resolve reference to `bindingConfig' for \ref command
/legato/build/localhost/interfaces/le_ecall_interface.h:311: warning: unable to resolve reference to `c_ecallAppMain' for \ref command
/legato/build/localhost/interfaces/le_gnss_interface.h:232: warning: End of list marker found without any preceding list items
error: problems opening rtf file annotated.rtf for reading
error: An error occurred during post-processing the RTF files!
